TN:
SF:src\components\Day\index.tsx
FN:18,Day
FNF:1
FNH:1
FNDA:5,Day
DA:19,5
DA:21,5
LF:2
LH:2
BRF:0
BRH:0
end_of_record
TN:
SF:src\components\Input\index.tsx
FN:15,Input
FNF:1
FNH:1
FNDA:8,Input
DA:16,8
LF:1
LH:1
BRDA:15,0,0,4
BRDA:24,1,0,8
BRDA:24,1,1,1
BRF:3
BRH:3
end_of_record
TN:
SF:src\components\Loading\index.tsx
FN:6,Loading
FNF:1
FNH:1
FNDA:1,Loading
DA:7,1
LF:1
LH:1
BRF:0
BRH:0
end_of_record
TN:
SF:src\components\NextDays\index.tsx
FN:11,NextDays
FN:15,(anonymous_1)
FNF:2
FNH:2
FNDA:2,NextDays
FNDA:4,(anonymous_1)
DA:12,2
DA:16,4
LF:2
LH:2
BRF:0
BRH:0
end_of_record
TN:
SF:src\components\SelectList\index.tsx
FN:16,SelectList
FN:27,(anonymous_1)
FN:31,(anonymous_2)
FNF:3
FNH:3
FNDA:5,SelectList
FNDA:2,(anonymous_1)
FNDA:1,(anonymous_2)
DA:17,5
DA:28,2
DA:31,1
LF:3
LH:3
BRF:0
BRH:0
end_of_record
TN:
SF:src\components\WeatherDetails\index.tsx
FN:25,WeatherDetails
FNF:1
FNH:1
FNDA:1,WeatherDetails
DA:26,1
LF:1
LH:1
BRF:0
BRH:0
end_of_record
TN:
SF:src\components\WeatherItem\index.tsx
FN:13,WeatherItem
FNF:1
FNH:1
FNDA:6,WeatherItem
DA:14,6
LF:1
LH:1
BRDA:13,0,0,5
BRDA:15,1,0,6
BRDA:15,1,1,5
BRF:3
BRH:3
end_of_record
TN:
SF:src\components\WeatherToday\index.tsx
FN:22,WeatherToday
FNF:1
FNH:1
FNDA:1,WeatherToday
DA:23,1
DA:24,1
DA:26,1
DA:27,1
DA:29,1
LF:5
LH:5
BRDA:26,0,0,0
BRDA:26,0,1,1
BRDA:27,1,0,0
BRDA:27,1,1,1
BRF:4
BRH:2
end_of_record
TN:
SF:src\contexts\CityContext.tsx
FN:23,CityProvider
FN:27,handleChangeCity
FN:36,(anonymous_2)
FN:40,(anonymous_3)
FN:41,(anonymous_4)
FNF:5
FNH:5
FNDA:4,CityProvider
FNDA:1,handleChangeCity
FNDA:2,(anonymous_2)
FNDA:2,(anonymous_3)
FNDA:2,(anonymous_4)
DA:19,2
DA:24,4
DA:25,4
DA:28,1
DA:30,1
DA:31,1
DA:33,1
DA:36,4
DA:37,2
DA:39,2
DA:40,2
DA:41,2
DA:44,4
LF:13
LH:13
BRF:0
BRH:0
end_of_record
TN:
SF:src\hooks\useCity.ts
FN:5,useCity
FNF:1
FNH:1
FNDA:9,useCity
DA:6,9
DA:8,9
LF:2
LH:2
BRF:0
BRH:0
end_of_record
TN:
SF:src\libs\asyncStorage\cityStorage.ts
FN:6,getStorageCity
FN:14,saveStorageCity
FN:18,removeStorageCity
FNF:3
FNH:3
FNDA:5,getStorageCity
FNDA:4,saveStorageCity
FNDA:1,removeStorageCity
DA:4,3
DA:7,5
DA:9,5
DA:11,5
DA:15,4
DA:19,1
LF:6
LH:6
BRDA:9,0,0,2
BRDA:9,0,1,3
BRF:2
BRH:2
end_of_record
TN:
SF:src\routes\app.routes.tsx
FN:8,AppRoutes
FNF:1
FNH:1
FNDA:2,AppRoutes
DA:6,1
DA:9,2
LF:2
LH:2
BRF:0
BRH:0
end_of_record
TN:
SF:src\routes\index.tsx
FN:11,Routes
FNF:1
FNH:1
FNDA:3,Routes
DA:12,3
DA:13,3
DA:15,3
LF:3
LH:3
BRDA:18,0,0,1
BRDA:18,0,1,2
BRF:2
BRH:2
end_of_record
TN:
SF:src\screens\Dashboard\index.tsx
FN:22,Dashboard
FN:33,handleSelect
FN:39,getWeatherDetails
FN:53,getCities
FN:62,(anonymous_4)
FN:68,(anonymous_5)
FN:70,(anonymous_6)
FN:73,(anonymous_7)
FNF:8
FNH:4
FNDA:2,Dashboard
FNDA:0,handleSelect
FNDA:1,getWeatherDetails
FNDA:0,getCities
FNDA:1,(anonymous_4)
FNDA:0,(anonymous_5)
FNDA:0,(anonymous_6)
FNDA:1,(anonymous_7)
DA:23,2
DA:24,2
DA:25,2
DA:26,2
DA:27,2
DA:31,2
DA:34,0
DA:35,0
DA:36,0
DA:40,1
DA:41,0
DA:44,1
DA:46,1
DA:47,1
DA:49,1
DA:50,1
DA:54,0
DA:56,0
DA:58,0
DA:59,0
DA:62,2
DA:63,1
DA:64,1
DA:67,0
DA:68,0
DA:70,0
DA:73,2
DA:74,1
DA:77,2
DA:78,1
DA:81,1
LF:31
LH:20
BRDA:40,0,0,0
BRDA:40,0,1,1
BRDA:63,1,0,1
BRDA:63,1,1,0
BRDA:77,2,0,1
BRDA:77,2,1,1
BRDA:77,3,0,2
BRDA:77,3,1,1
BRDA:77,3,2,1
BRF:9
BRH:7
end_of_record
TN:
SF:src\screens\Search\index.tsx
FN:13,Search
FN:20,getCities
FN:29,(anonymous_2)
FN:34,(anonymous_3)
FN:36,(anonymous_4)
FNF:5
FNH:2
FNDA:2,Search
FNDA:0,getCities
FNDA:2,(anonymous_2)
FNDA:0,(anonymous_3)
FNDA:0,(anonymous_4)
DA:14,2
DA:15,2
DA:16,2
DA:18,2
DA:21,0
DA:23,0
DA:25,0
DA:26,0
DA:29,2
DA:30,2
DA:31,2
DA:34,0
DA:36,0
DA:39,2
LF:14
LH:8
BRDA:30,0,0,2
BRDA:30,0,1,0
BRF:2
BRH:1
end_of_record
TN:
SF:src\services\api.ts
FNF:0
FNH:0
DA:3,3
LF:1
LH:1
BRF:0
BRH:0
end_of_record
TN:
SF:src\services\getCityByNameService.ts
FN:22,getCityByNameService
FNF:1
FNH:1
FNDA:1,getCityByNameService
DA:23,1
DA:24,1
DA:26,1
DA:33,1
DA:35,0
LF:5
LH:4
BRDA:28,0,0,1
BRDA:28,0,1,0
BRF:2
BRH:1
end_of_record
TN:
SF:src\services\getWeatherByCityService.ts
FN:45,getWeatherByCityService
FN:70,(anonymous_1)
FNF:2
FNH:2
FNDA:2,getWeatherByCityService
FNDA:4,(anonymous_1)
DA:46,2
DA:47,2
DA:49,2
DA:66,2
DA:67,2
DA:68,2
DA:70,2
DA:71,4
DA:73,4
DA:74,2
DA:76,2
DA:78,2
DA:80,2
DA:90,2
LF:14
LH:14
BRDA:73,0,0,2
BRDA:73,0,1,2
BRDA:73,1,0,4
BRDA:73,1,1,4
BRF:4
BRH:4
end_of_record
TN:
SF:src\utils\getNextDays.ts
FN:3,getNextDays
FNF:1
FNH:1
FNDA:3,getNextDays
DA:4,3
DA:5,3
DA:7,3
DA:8,15
DA:10,15
DA:12,15
DA:15,3
LF:7
LH:7
BRF:0
BRH:0
end_of_record
TN:
SF:src\utils\isDayTime.ts
FN:1,isDayTime
FNF:1
FNH:1
FNDA:1,isDayTime
DA:2,1
DA:3,1
LF:2
LH:2
BRDA:3,0,0,1
BRDA:3,0,1,0
BRF:2
BRH:1
end_of_record
TN:
SF:src\utils\weatherIcons.ts
FNF:0
FNH:0
DA:20,2
LF:1
LH:1
BRF:0
BRH:0
end_of_record
